✅ 数据库 music_dashboard 已就绪
✅ 所有数据表已就绪

🚀 服务端已启动: http://localhost:3001
📊 API 基础路径: http://localhost:3001/api

可用的 API 端点:
  GET  /api/search/artists?keyword=xxx    — 搜索歌手
  GET  /api/artists                       — 获取所有歌手
  GET  /api/artist/:id                    — 歌手详情
  GET  /api/artist/:id/songs              — 歌手歌曲列表
  GET  /api/dashboard/overview            — 仪表盘总览
  GET  /api/chart/style-pie               — 风格饼图
  GET  /api/chart/top10-plays             — Top10播放量
  GET  /api/chart/top10-comments          — Top10评论数
  GET  /api/chart/plays-trend             — 播放量趋势
  GET  /api/chart/era-trend               — 年代热度
  GET  /api/chart/comment-wordcloud       — 评论词云
  GET  /api/chart/style-heatmap           — 风格热力图
  GET  /api/chart/style-boxplot           — 风格箱线图
  GET  /api/chart/scatter                 — 散点图
  GET  /api/chart/radar                   — 雷达图
  GET  /api/chart/album-donut            — 专辑环形图
  GET  /api/chart/violin                 — 小提琴图
  GET  /api/chart/stacked-era            — 堆叠柱状图
  GET  /api/chart/sankey                 — 桑基图
  GET  /api/chart/grouped-bar            — 分组柱状图
  GET  /api/chart/bubble                 — 气泡图
  GET  /api/chart/region-map             — 地区热力图

[爬虫] 初始化 session...
[爬虫] 尝试访问登录页面获取更多 cookie...
[爬虫] 尝试 /api 端点...
[爬虫] Session 就绪, cookie 长度=47, csrf=已获取
[爬虫] artist desc: 7219
[爬虫] artist top songs: 7219
[爬虫] 获取歌手描述失败: 
[爬虫] artist desc: 7219
[爬虫] 获取歌手描述失败: 
[爬虫] artist top songs: 7219
[Combined Analysis] stdout: {"sentiment": {"positive": 10, "neutral": 39, "negative": 1}, "topics": [{"topic_id": 0, "keywords": ["再见面"], "count": 1, "examples": ["我们不要再见面了"], "all_comments": ["我们不要再见面了"]}, {"topic_id": 1, "keywords": ["乞求", "会考", "不删", "内耗", "想念"], "count": 23, "examples": ["不删内耗\n删了想念", "我受够了等待，那就离开吧", "怕耽误我 怕没有以后 怕最后还是会分开 怕这怕那 就是不怕失去我"], "all_comments": ["不删内耗\n删了想念", "我受够了等待，那就离开吧", "怕耽误我 怕没有以后 怕最后还是会分开 怕这怕那 就是不怕失去我", "“我不可能等你一辈子”[流泪]", "我真的没招了", "中考加油[乞求][乞求]", "倒带的是回忆，回不去的是我们", "no，我没说不可以😭我问问嘛", "但愿如此", "下周会考了，希望有人祝我会考加油", "我感觉挺有意思喊他看看不行呀", "你艾特你男友干啥呀", "我不想异地恋", "离开你才知道孤独的重量", "这不是蔡依林的歌吗", "[VIP]", "分手是你提的  找我复合的也是你", "时间会惩罚念旧的人", "先勇敢的人 必定能享受加油", "喜欢的人有对象咋办", "破，不破不立", "为啥", "属于你的永远会是你的，用力抓不到的就不要了"]}, {"topic_id": 2, "keywords": ["两清", "甲乙丙丁"], "count": 1, "examples": ["怎么两清 怎么做回甲乙丙丁"], "all_comments": ["怎么两清 怎么做回甲乙丙丁"]}], "total_comments": 50}

[Combined Analysis] stdout: {"sentiment": {"positive": 10, "neutral": 39, "negative": 1}, "topics": [{"topic_id": 0, "keywords": ["再见面"], "count": 1, "examples": ["我们不要再见面了"], "all_comments": ["我们不要再见面了"]}, {"topic_id": 1, "keywords": ["乞求", "会考", "不删", "内耗", "想念"], "count": 23, "examples": ["不删内耗\n删了想念", "我受够了等待，那就离开吧", "怕耽误我 怕没有以后 怕最后还是会分开 怕这怕那 就是不怕失去我"], "all_comments": ["不删内耗\n删了想念", "我受够了等待，那就离开吧", "怕耽误我 怕没有以后 怕最后还是会分开 怕这怕那 就是不怕失去我", "“我不可能等你一辈子”[流泪]", "我真的没招了", "中考加油[乞求][乞求]", "倒带的是回忆，回不去的是我们", "no，我没说不可以😭我问问嘛", "但愿如此", "下周会考了，希望有人祝我会考加油", "我感觉挺有意思喊他看看不行呀", "你艾特你男友干啥呀", "我不想异地恋", "离开你才知道孤独的重量", "这不是蔡依林的歌吗", "[VIP]", "分手是你提的  找我复合的也是你", "时间会惩罚念旧的人", "先勇敢的人 必定能享受加油", "喜欢的人有对象咋办", "破，不破不立", "为啥", "属于你的永远会是你的，用力抓不到的就不要了"]}, {"topic_id": 2, "keywords": ["两清", "甲乙丙丁"], "count": 1, "examples": ["怎么两清 怎么做回甲乙丙丁"], "all_comments": ["怎么两清 怎么做回甲乙丙丁"]}], "total_comments": 50}

[Combined Analysis] stdout: {"sentiment": {"positive": 10, "neutral": 39, "negative": 1}, "topics": [{"topic_id": 0, "keywords": ["再见面"], "count": 1, "examples": ["我们不要再见面了"], "all_comments": ["我们不要再见面了"]}, {"topic_id": 1, "keywords": ["乞求", "会考", "不删", "内耗", "想念"], "count": 23, "examples": ["不删内耗\n删了想念", "我受够了等待，那就离开吧", "怕耽误我 怕没有以后 怕最后还是会分开 怕这怕那 就是不怕失去我"], "all_comments": ["不删内耗\n删了想念", "我受够了等待，那就离开吧", "怕耽误我 怕没有以后 怕最后还是会分开 怕这怕那 就是不怕失去我", "“我不可能等你一辈子”[流泪]", "我真的没招了", "中考加油[乞求][乞求]", "倒带的是回忆，回不去的是我们", "no，我没说不可以😭我问问嘛", "但愿如此", "下周会考了，希望有人祝我会考加油", "我感觉挺有意思喊他看看不行呀", "你艾特你男友干啥呀", "我不想异地恋", "离开你才知道孤独的重量", "这不是蔡依林的歌吗", "[VIP]", "分手是你提的  找我复合的也是你", "时间会惩罚念旧的人", "先勇敢的人 必定能享受加油", "喜欢的人有对象咋办", "破，不破不立", "为啥", "属于你的永远会是你的，用力抓不到的就不要了"]}, {"topic_id": 2, "keywords": ["两清", "甲乙丙丁"], "count": 1, "examples": ["怎么两清 怎么做回甲乙丙丁"], "all_comments": ["怎么两清 怎么做回甲乙丙丁"]}], "total_comments": 50}

[Combined Analysis] stdout: {"sentiment": {"positive": 0, "neutral": 0, "negative": 0}, "topics": [], "total_comments": 0}

[Combined Analysis] stdout: {"sentiment": {"positive": 10, "neutral": 39, "negative": 1}, "topics": [{"topic_id": 0, "keywords": ["再见面"], "count": 1, "examples": ["我们不要再见面了"], "all_comments": ["我们不要再见面了"]}, {"topic_id": 1, "keywords": ["乞求", "会考", "不删", "内耗", "想念"], "count": 23, "examples": ["不删内耗\n删了想念", "我受够了等待，那就离开吧", "怕耽误我 怕没有以后 怕最后还是会分开 怕这怕那 就是不怕失去我"], "all_comments": ["不删内耗\n删了想念", "我受够了等待，那就离开吧", "怕耽误我 怕没有以后 怕最后还是会分开 怕这怕那 就是不怕失去我", "“我不可能等你一辈子”[流泪]", "我真的没招了", "中考加油[乞求][乞求]", "倒带的是回忆，回不去的是我们", "no，我没说不可以😭我问问嘛", "但愿如此", "下周会考了，希望有人祝我会考加油", "我感觉挺有意思喊他看看不行呀", "你艾特你男友干啥呀", "我不想异地恋", "离开你才知道孤独的重量", "这不是蔡依林的歌吗", "[VIP]", "分手是你提的  找我复合的也是你", "时间会惩罚念旧的人", "先勇敢的人 必定能享受加油", "喜欢的人有对象咋办", "破，不破不立", "为啥", "属于你的永远会是你的，用力抓不到的就不要了"]}, {"topic_id": 2, "keywords": ["两清", "甲乙丙丁"], "count": 1, "examples": ["怎么两清 怎么做回甲乙丙丁"], "all_comments": ["怎么两清 怎么做回甲乙丙丁"]}], "total_comments": 50}

[爬虫] search: "ljj" type=100 limit=10
[Search] 爬虫: "ljj" → 10 条 (共 31)
[Scraper] 开始抓取歌手: 3684
[爬虫] artist detail: 3684
[Scraper] 获取到粉丝数: 0
[爬虫] artist top songs: 3684
[Scraper] 获取到 50 首歌曲
[Scraper] 开始获取歌曲评论数...
[Scraper] 评论数获取完成
[Scraper] 获取到 20 张专辑
[爬虫] similar artists: 3684
[爬虫] 获取相似歌手失败: 
[Scraper] 获取到 0 位相似歌手
[Scraper] ✅ 歌手 林俊杰 (3684) 入库完成，50 首歌曲
[Scraper] 开始抓取歌手: 3684
[爬虫] artist top songs: 3684
[爬虫] artist detail: 3684
[Scraper] 获取到粉丝数: 0
[爬虫] artist top songs: 3684
[Scraper] 获取到 50 首歌曲
[Scraper] 开始获取歌曲评论数...
[Scraper] 评论数获取完成
[Scraper] 获取到 20 张专辑
[爬虫] similar artists: 3684
[爬虫] 获取相似歌手失败: 
[Scraper] 获取到 0 位相似歌手
[Scraper] ✅ 歌手 林俊杰 (3684) 入库完成，50 首歌曲
[爬虫] artist desc: 3684
[爬虫] artist top songs: 3684
[爬虫] 获取歌手描述失败: 
[Combined Analysis] stdout: {"sentiment": {"positive": 15, "neutral": 35, "negative": 0}, "topics": [{"topic_id": 0, "keywords": ["中考", "喝水", "主动", "发消息", "陌生人"], "count": 27, "examples": ["刚听完方大同再来听林俊杰感觉你俩声音真的好像[呆]", "我放不下你。", "中考加油呀"], "all_comments": ["刚听完方大同再来听林俊杰感觉你俩声音真的好像[呆]", "我放不下你。", "中考加油呀", "中考加油", "喝水", "感觉评论区留言都好善良", "我的爱很小声你听不见很正常.\n\n如果我不主动发消息我们就像陌生人.\n\n熬不完的夜只记得开始只是为了陪你.\n\n投放弃你的时候我的心都在流泪.\n\n如果我不主动发消息我们就像陌生人.\n\n低落的情绪让我上瘾也让我痛苦.", "这有这个歌曲能提起我的兴趣👍", "恭喜！", "今天是2026.6.20 这是我毕业的第1天🌚", "游戏真的比我重要吗", "我笔记可以领黑胶⩌⩊⩌", "一听到就有劲了[庆祝]", "喜欢你快四年了", "喝水", "天天开心噢", "人需要一些到此为止的勇气", "同学9月就是属于我们的6年了", "斯…注销了？", "我们还是分开了", "和喜欢的人一起听过的歌", "同意了吗[装可爱]", "破万我就和最喜欢的人复合", "夏洛特", "99", "爱你 老己", "你是我拼了命也抓不住的声音"]}, {"topic_id": 1, "keywords": ["降临"], "count": 1, "examples": ["真爱降临"], "all_comments": ["真爱降临"]}, {"topic_id": 2, "keywords": ["VIP"], "count": 6, "examples": ["[VIP]", "[VIP]", "[VIP]"], "all_comments": ["[VIP]", "[VIP]", "[VIP]", "[VIP]", "[VIP]", "[VIP]"]}], "total_comments": 50}

[Combined Analysis] stdout: {"sentiment": {"positive": 0, "neutral": 0, "negative": 0}, "topics": [], "total_comments": 0}

[Combined Analysis] stdout: {"sentiment": {"positive": 0, "neutral": 0, "negative": 0}, "topics": [], "total_comments": 0}

[Combined Analysis] stdout: {"sentiment": {"positive": 15, "neutral": 35, "negative": 0}, "topics": [{"topic_id": 0, "keywords": ["中考", "喝水", "主动", "发消息", "陌生人"], "count": 27, "examples": ["刚听完方大同再来听林俊杰感觉你俩声音真的好像[呆]", "我放不下你。", "中考加油呀"], "all_comments": ["刚听完方大同再来听林俊杰感觉你俩声音真的好像[呆]", "我放不下你。", "中考加油呀", "中考加油", "喝水", "感觉评论区留言都好善良", "我的爱很小声你听不见很正常.\n\n如果我不主动发消息我们就像陌生人.\n\n熬不完的夜只记得开始只是为了陪你.\n\n投放弃你的时候我的心都在流泪.\n\n如果我不主动发消息我们就像陌生人.\n\n低落的情绪让我上瘾也让我痛苦.", "这有这个歌曲能提起我的兴趣👍", "恭喜！", "今天是2026.6.20 这是我毕业的第1天🌚", "游戏真的比我重要吗", "我笔记可以领黑胶⩌⩊⩌", "一听到就有劲了[庆祝]", "喜欢你快四年了", "喝水", "天天开心噢", "人需要一些到此为止的勇气", "同学9月就是属于我们的6年了", "斯…注销了？", "我们还是分开了", "和喜欢的人一起听过的歌", "同意了吗[装可爱]", "破万我就和最喜欢的人复合", "夏洛特", "99", "爱你 老己", "你是我拼了命也抓不住的声音"]}, {"topic_id": 1, "keywords": ["降临"], "count": 1, "examples": ["真爱降临"], "all_comments": ["真爱降临"]}, {"topic_id": 2, "keywords": ["VIP"], "count": 6, "examples": ["[VIP]", "[VIP]", "[VIP]"], "all_comments": ["[VIP]", "[VIP]", "[VIP]", "[VIP]", "[VIP]", "[VIP]"]}], "total_comments": 50}

[爬虫] artist desc: 3684
[爬虫] 获取歌手描述失败: 
[Combined Analysis] stdout: {"sentiment": {"positive": 16, "neutral": 34, "negative": 0}, "topics": [{"topic_id": 0, "keywords": ["中考", "主动", "发消息", "陌生人", "方大同"], "count": 25, "examples": ["刚听完方大同再来听林俊杰感觉你俩声音真的好像[呆]", "我放不下你。", "中考加油呀"], "all_comments": ["刚听完方大同再来听林俊杰感觉你俩声音真的好像[呆]", "我放不下你。", "中考加油呀", "中考加油", "感觉评论区留言都好善良", "我的爱很小声你听不见很正常.\n\n如果我不主动发消息我们就像陌生人.\n\n熬不完的夜只记得开始只是为了陪你.\n\n投放弃你的时候我的心都在流泪.\n\n如果我不主动发消息我们就像陌生人.\n\n低落的情绪让我上瘾也让我痛苦.", "这有这个歌曲能提起我的兴趣👍", "恭喜！", "今天是2026.6.20 这是我毕业的第1天🌚", "游戏真的比我重要吗", "我笔记可以领黑胶⩌⩊⩌", "一听到就有劲了[庆祝]", "喜欢你快四年了", "天天开心噢", "人需要一些到此为止的勇气", "同学9月就是属于我们的6年了", "斯…注销了？", "我们还是分开了", "和喜欢的人一起听过的歌", "同意了吗[装可爱]", "破万我就和最喜欢的人复合", "夏洛特", "99", "爱你 老己", "真爱降临"]}, {"topic_id": 1, "keywords": ["VIP"], "count": 6, "examples": ["[VIP]", "[VIP]", "[VIP]"], "all_comments": ["[VIP]", "[VIP]", "[VIP]", "[VIP]", "[VIP]", "[VIP]"]}, {"topic_id": 2, "keywords": ["喝水"], "count": 2, "examples": ["喝水", "喝水"], "all_comments": ["喝水", "喝水"]}], "total_comments": 50}

[Combined Analysis] stdout: {"sentiment": {"positive": 0, "neutral": 0, "negative": 0}, "topics": [], "total_comments": 0}

[Combined Analysis] stdout: {"sentiment": {"positive": 16, "neutral": 34, "negative": 0}, "topics": [{"topic_id": 0, "keywords": ["中考", "主动", "发消息", "陌生人", "方大同"], "count": 25, "examples": ["刚听完方大同再来听林俊杰感觉你俩声音真的好像[呆]", "我放不下你。", "中考加油呀"], "all_comments": ["刚听完方大同再来听林俊杰感觉你俩声音真的好像[呆]", "我放不下你。", "中考加油呀", "中考加油", "感觉评论区留言都好善良", "我的爱很小声你听不见很正常.\n\n如果我不主动发消息我们就像陌生人.\n\n熬不完的夜只记得开始只是为了陪你.\n\n投放弃你的时候我的心都在流泪.\n\n如果我不主动发消息我们就像陌生人.\n\n低落的情绪让我上瘾也让我痛苦.", "这有这个歌曲能提起我的兴趣👍", "恭喜！", "今天是2026.6.20 这是我毕业的第1天🌚", "游戏真的比我重要吗", "我笔记可以领黑胶⩌⩊⩌", "一听到就有劲了[庆祝]", "喜欢你快四年了", "天天开心噢", "人需要一些到此为止的勇气", "同学9月就是属于我们的6年了", "斯…注销了？", "我们还是分开了", "和喜欢的人一起听过的歌", "同意了吗[装可爱]", "破万我就和最喜欢的人复合", "夏洛特", "99", "爱你 老己", "真爱降临"]}, {"topic_id": 1, "keywords": ["VIP"], "count": 6, "examples": ["[VIP]", "[VIP]", "[VIP]"], "all_comments": ["[VIP]", "[VIP]", "[VIP]", "[VIP]", "[VIP]", "[VIP]"]}, {"topic_id": 2, "keywords": ["喝水"], "count": 2, "examples": ["喝水", "喝水"], "all_comments": ["喝水", "喝水"]}], "total_comments": 50}

[Combined Analysis] stdout: {"sentiment": {"positive": 16, "neutral": 34, "negative": 0}, "topics": [{"topic_id": 0, "keywords": ["中考", "主动", "发消息", "陌生人", "方大同"], "count": 25, "examples": ["刚听完方大同再来听林俊杰感觉你俩声音真的好像[呆]", "我放不下你。", "中考加油呀"], "all_comments": ["刚听完方大同再来听林俊杰感觉你俩声音真的好像[呆]", "我放不下你。", "中考加油呀", "中考加油", "感觉评论区留言都好善良", "我的爱很小声你听不见很正常.\n\n如果我不主动发消息我们就像陌生人.\n\n熬不完的夜只记得开始只是为了陪你.\n\n投放弃你的时候我的心都在流泪.\n\n如果我不主动发消息我们就像陌生人.\n\n低落的情绪让我上瘾也让我痛苦.", "这有这个歌曲能提起我的兴趣👍", "恭喜！", "今天是2026.6.20 这是我毕业的第1天🌚", "游戏真的比我重要吗", "我笔记可以领黑胶⩌⩊⩌", "一听到就有劲了[庆祝]", "喜欢你快四年了", "天天开心噢", "人需要一些到此为止的勇气", "同学9月就是属于我们的6年了", "斯…注销了？", "我们还是分开了", "和喜欢的人一起听过的歌", "同意了吗[装可爱]", "破万我就和最喜欢的人复合", "夏洛特", "99", "爱你 老己", "真爱降临"]}, {"topic_id": 1, "keywords": ["VIP"], "count": 6, "examples": ["[VIP]", "[VIP]", "[VIP]"], "all_comments": ["[VIP]", "[VIP]", "[VIP]", "[VIP]", "[VIP]", "[VIP]"]}, {"topic_id": 2, "keywords": ["喝水"], "count": 2, "examples": ["喝水", "喝水"], "all_comments": ["喝水", "喝水"]}], "total_comments": 50}

[Combined Analysis] stdout: {"sentiment": {"positive": 16, "neutral": 34, "negative": 0}, "topics": [{"topic_id": 0, "keywords": ["中考", "主动", "发消息", "陌生人", "方大同"], "count": 25, "examples": ["刚听完方大同再来听林俊杰感觉你俩声音真的好像[呆]", "我放不下你。", "中考加油呀"], "all_comments": ["刚听完方大同再来听林俊杰感觉你俩声音真的好像[呆]", "我放不下你。", "中考加油呀", "中考加油", "感觉评论区留言都好善良", "我的爱很小声你听不见很正常.\n\n如果我不主动发消息我们就像陌生人.\n\n熬不完的夜只记得开始只是为了陪你.\n\n投放弃你的时候我的心都在流泪.\n\n如果我不主动发消息我们就像陌生人.\n\n低落的情绪让我上瘾也让我痛苦.", "这有这个歌曲能提起我的兴趣👍", "恭喜！", "今天是2026.6.20 这是我毕业的第1天🌚", "游戏真的比我重要吗", "我笔记可以领黑胶⩌⩊⩌", "一听到就有劲了[庆祝]", "喜欢你快四年了", "天天开心噢", "人需要一些到此为止的勇气", "同学9月就是属于我们的6年了", "斯…注销了？", "我们还是分开了", "和喜欢的人一起听过的歌", "同意了吗[装可爱]", "破万我就和最喜欢的人复合", "夏洛特", "99", "爱你 老己", "真爱降临"]}, {"topic_id": 1, "keywords": ["VIP"], "count": 6, "examples": ["[VIP]", "[VIP]", "[VIP]"], "all_comments": ["[VIP]", "[VIP]", "[VIP]", "[VIP]", "[VIP]", "[VIP]"]}, {"topic_id": 2, "keywords": ["喝水"], "count": 2, "examples": ["喝水", "喝水"], "all_comments": ["喝水", "喝水"]}], "total_comments": 50}

[Combined Analysis] stdout: {"sentiment": {"positive": 16, "neutral": 34, "negative": 0}, "topics": [{"topic_id": 0, "keywords": ["中考", "主动", "发消息", "陌生人", "方大同"], "count": 25, "examples": ["刚听完方大同再来听林俊杰感觉你俩声音真的好像[呆]", "我放不下你。", "中考加油呀"], "all_comments": ["刚听完方大同再来听林俊杰感觉你俩声音真的好像[呆]", "我放不下你。", "中考加油呀", "中考加油", "感觉评论区留言都好善良", "我的爱很小声你听不见很正常.\n\n如果我不主动发消息我们就像陌生人.\n\n熬不完的夜只记得开始只是为了陪你.\n\n投放弃你的时候我的心都在流泪.\n\n如果我不主动发消息我们就像陌生人.\n\n低落的情绪让我上瘾也让我痛苦.", "这有这个歌曲能提起我的兴趣👍", "恭喜！", "今天是2026.6.20 这是我毕业的第1天🌚", "游戏真的比我重要吗", "我笔记可以领黑胶⩌⩊⩌", "一听到就有劲了[庆祝]", "喜欢你快四年了", "天天开心噢", "人需要一些到此为止的勇气", "同学9月就是属于我们的6年了", "斯…注销了？", "我们还是分开了", "和喜欢的人一起听过的歌", "同意了吗[装可爱]", "破万我就和最喜欢的人复合", "夏洛特", "99", "爱你 老己", "真爱降临"]}, {"topic_id": 1, "keywords": ["VIP"], "count": 6, "examples": ["[VIP]", "[VIP]", "[VIP]"], "all_comments": ["[VIP]", "[VIP]", "[VIP]", "[VIP]", "[VIP]", "[VIP]"]}, {"topic_id": 2, "keywords": ["喝水"], "count": 2, "examples": ["喝水", "喝水"], "all_comments": ["喝水", "喝水"]}], "total_comments": 50}

[Combined Analysis] stdout: {"sentiment": {"positive": 16, "neutral": 34, "negative": 0}, "topics": [{"topic_id": 0, "keywords": ["中考", "主动", "发消息", "陌生人", "方大同"], "count": 25, "examples": ["刚听完方大同再来听林俊杰感觉你俩声音真的好像[呆]", "我放不下你。", "中考加油呀"], "all_comments": ["刚听完方大同再来听林俊杰感觉你俩声音真的好像[呆]", "我放不下你。", "中考加油呀", "中考加油", "感觉评论区留言都好善良", "我的爱很小声你听不见很正常.\n\n如果我不主动发消息我们就像陌生人.\n\n熬不完的夜只记得开始只是为了陪你.\n\n投放弃你的时候我的心都在流泪.\n\n如果我不主动发消息我们就像陌生人.\n\n低落的情绪让我上瘾也让我痛苦.", "这有这个歌曲能提起我的兴趣👍", "恭喜！", "今天是2026.6.20 这是我毕业的第1天🌚", "游戏真的比我重要吗", "我笔记可以领黑胶⩌⩊⩌", "一听到就有劲了[庆祝]", "喜欢你快四年了", "天天开心噢", "人需要一些到此为止的勇气", "同学9月就是属于我们的6年了", "斯…注销了？", "我们还是分开了", "和喜欢的人一起听过的歌", "同意了吗[装可爱]", "破万我就和最喜欢的人复合", "夏洛特", "99", "爱你 老己", "真爱降临"]}, {"topic_id": 1, "keywords": ["VIP"], "count": 6, "examples": ["[VIP]", "[VIP]", "[VIP]"], "all_comments": ["[VIP]", "[VIP]", "[VIP]", "[VIP]", "[VIP]", "[VIP]"]}, {"topic_id": 2, "keywords": ["喝水"], "count": 2, "examples": ["喝水", "喝水"], "all_comments": ["喝水", "喝水"]}], "total_comments": 50}

[爬虫] artist desc: 3684
[爬虫] artist top songs: 3684
[爬虫] 获取歌手描述失败: 
[爬虫] artist desc: 3684
[爬虫] 获取歌手描述失败: 
[爬虫] artist top songs: 3684
[Combined Analysis] stdout: {"sentiment": {"positive": 16, "neutral": 34, "negative": 0}, "topics": [{"topic_id": 0, "keywords": ["中考", "主动", "发消息", "陌生人", "方大同"], "count": 25, "examples": ["刚听完方大同再来听林俊杰感觉你俩声音真的好像[呆]", "我放不下你。", "中考加油呀"], "all_comments": ["刚听完方大同再来听林俊杰感觉你俩声音真的好像[呆]", "我放不下你。", "中考加油呀", "中考加油", "感觉评论区留言都好善良", "我的爱很小声你听不见很正常.\n\n如果我不主动发消息我们就像陌生人.\n\n熬不完的夜只记得开始只是为了陪你.\n\n投放弃你的时候我的心都在流泪.\n\n如果我不主动发消息我们就像陌生人.\n\n低落的情绪让我上瘾也让我痛苦.", "这有这个歌曲能提起我的兴趣👍", "恭喜！", "今天是2026.6.20 这是我毕业的第1天🌚", "游戏真的比我重要吗", "我笔记可以领黑胶⩌⩊⩌", "一听到就有劲了[庆祝]", "喜欢你快四年了", "天天开心噢", "人需要一些到此为止的勇气", "同学9月就是属于我们的6年了", "斯…注销了？", "我们还是分开了", "和喜欢的人一起听过的歌", "同意了吗[装可爱]", "破万我就和最喜欢的人复合", "夏洛特", "99", "爱你 老己", "真爱降临"]}, {"topic_id": 1, "keywords": ["VIP"], "count": 6, "examples": ["[VIP]", "[VIP]", "[VIP]"], "all_comments": ["[VIP]", "[VIP]", "[VIP]", "[VIP]", "[VIP]", "[VIP]"]}, {"topic_id": 2, "keywords": ["喝水"], "count": 2, "examples": ["喝水", "喝水"], "all_comments": ["喝水", "喝水"]}], "total_comments": 50}

[Combined Analysis] stdout: {"sentiment": {"positive": 16, "neutral": 34, "negative": 0}, "topics": [{"topic_id": 0, "keywords": ["中考", "主动", "发消息", "陌生人", "方大同"], "count": 25, "examples": ["刚听完方大同再来听林俊杰感觉你俩声音真的好像[呆]", "我放不下你。", "中考加油呀"], "all_comments": ["刚听完方大同再来听林俊杰感觉你俩声音真的好像[呆]", "我放不下你。", "中考加油呀", "中考加油", "感觉评论区留言都好善良", "我的爱很小声你听不见很正常.\n\n如果我不主动发消息我们就像陌生人.\n\n熬不完的夜只记得开始只是为了陪你.\n\n投放弃你的时候我的心都在流泪.\n\n如果我不主动发消息我们就像陌生人.\n\n低落的情绪让我上瘾也让我痛苦.", "这有这个歌曲能提起我的兴趣👍", "恭喜！", "今天是2026.6.20 这是我毕业的第1天🌚", "游戏真的比我重要吗", "我笔记可以领黑胶⩌⩊⩌", "一听到就有劲了[庆祝]", "喜欢你快四年了", "天天开心噢", "人需要一些到此为止的勇气", "同学9月就是属于我们的6年了", "斯…注销了？", "我们还是分开了", "和喜欢的人一起听过的歌", "同意了吗[装可爱]", "破万我就和最喜欢的人复合", "夏洛特", "99", "爱你 老己", "真爱降临"]}, {"topic_id": 1, "keywords": ["VIP"], "count": 6, "examples": ["[VIP]", "[VIP]", "[VIP]"], "all_comments": ["[VIP]", "[VIP]", "[VIP]", "[VIP]", "[VIP]", "[VIP]"]}, {"topic_id": 2, "keywords": ["喝水"], "count": 2, "examples": ["喝水", "喝水"], "all_comments": ["喝水", "喝水"]}], "total_comments": 50}

[Combined Analysis] stdout: {"sentiment": {"positive": 0, "neutral": 0, "negative": 0}, "topics": [], "total_comments": 0}

[Combined Analysis] stdout: {"sentiment": {"positive": 16, "neutral": 34, "negative": 0}, "topics": [{"topic_id": 0, "keywords": ["中考", "主动", "发消息", "陌生人", "方大同"], "count": 25, "examples": ["刚听完方大同再来听林俊杰感觉你俩声音真的好像[呆]", "我放不下你。", "中考加油呀"], "all_comments": ["刚听完方大同再来听林俊杰感觉你俩声音真的好像[呆]", "我放不下你。", "中考加油呀", "中考加油", "感觉评论区留言都好善良", "我的爱很小声你听不见很正常.\n\n如果我不主动发消息我们就像陌生人.\n\n熬不完的夜只记得开始只是为了陪你.\n\n投放弃你的时候我的心都在流泪.\n\n如果我不主动发消息我们就像陌生人.\n\n低落的情绪让我上瘾也让我痛苦.", "这有这个歌曲能提起我的兴趣👍", "恭喜！", "今天是2026.6.20 这是我毕业的第1天🌚", "游戏真的比我重要吗", "我笔记可以领黑胶⩌⩊⩌", "一听到就有劲了[庆祝]", "喜欢你快四年了", "天天开心噢", "人需要一些到此为止的勇气", "同学9月就是属于我们的6年了", "斯…注销了？", "我们还是分开了", "和喜欢的人一起听过的歌", "同意了吗[装可爱]", "破万我就和最喜欢的人复合", "夏洛特", "99", "爱你 老己", "真爱降临"]}, {"topic_id": 1, "keywords": ["VIP"], "count": 6, "examples": ["[VIP]", "[VIP]", "[VIP]"], "all_comments": ["[VIP]", "[VIP]", "[VIP]", "[VIP]", "[VIP]", "[VIP]"]}, {"topic_id": 2, "keywords": ["喝水"], "count": 2, "examples": ["喝水", "喝水"], "all_comments": ["喝水", "喝水"]}], "total_comments": 50}

[Combined Analysis] stdout: {"sentiment": {"positive": 16, "neutral": 34, "negative": 0}, "topics": [{"topic_id": 0, "keywords": ["中考", "主动", "发消息", "陌生人", "方大同"], "count": 25, "examples": ["刚听完方大同再来听林俊杰感觉你俩声音真的好像[呆]", "我放不下你。", "中考加油呀"], "all_comments": ["刚听完方大同再来听林俊杰感觉你俩声音真的好像[呆]", "我放不下你。", "中考加油呀", "中考加油", "感觉评论区留言都好善良", "我的爱很小声你听不见很正常.\n\n如果我不主动发消息我们就像陌生人.\n\n熬不完的夜只记得开始只是为了陪你.\n\n投放弃你的时候我的心都在流泪.\n\n如果我不主动发消息我们就像陌生人.\n\n低落的情绪让我上瘾也让我痛苦.", "这有这个歌曲能提起我的兴趣👍", "恭喜！", "今天是2026.6.20 这是我毕业的第1天🌚", "游戏真的比我重要吗", "我笔记可以领黑胶⩌⩊⩌", "一听到就有劲了[庆祝]", "喜欢你快四年了", "天天开心噢", "人需要一些到此为止的勇气", "同学9月就是属于我们的6年了", "斯…注销了？", "我们还是分开了", "和喜欢的人一起听过的歌", "同意了吗[装可爱]", "破万我就和最喜欢的人复合", "夏洛特", "99", "爱你 老己", "真爱降临"]}, {"topic_id": 1, "keywords": ["VIP"], "count": 6, "examples": ["[VIP]", "[VIP]", "[VIP]"], "all_comments": ["[VIP]", "[VIP]", "[VIP]", "[VIP]", "[VIP]", "[VIP]"]}, {"topic_id": 2, "keywords": ["喝水"], "count": 2, "examples": ["喝水", "喝水"], "all_comments": ["喝水", "喝水"]}], "total_comments": 50}

[Combined Analysis] stdout: {"sentiment": {"positive": 16, "neutral": 34, "negative": 0}, "topics": [{"topic_id": 0, "keywords": ["中考", "主动", "发消息", "陌生人", "方大同"], "count": 25, "examples": ["刚听完方大同再来听林俊杰感觉你俩声音真的好像[呆]", "我放不下你。", "中考加油呀"], "all_comments": ["刚听完方大同再来听林俊杰感觉你俩声音真的好像[呆]", "我放不下你。", "中考加油呀", "中考加油", "感觉评论区留言都好善良", "我的爱很小声你听不见很正常.\n\n如果我不主动发消息我们就像陌生人.\n\n熬不完的夜只记得开始只是为了陪你.\n\n投放弃你的时候我的心都在流泪.\n\n如果我不主动发消息我们就像陌生人.\n\n低落的情绪让我上瘾也让我痛苦.", "这有这个歌曲能提起我的兴趣👍", "恭喜！", "今天是2026.6.20 这是我毕业的第1天🌚", "游戏真的比我重要吗", "我笔记可以领黑胶⩌⩊⩌", "一听到就有劲了[庆祝]", "喜欢你快四年了", "天天开心噢", "人需要一些到此为止的勇气", "同学9月就是属于我们的6年了", "斯…注销了？", "我们还是分开了", "和喜欢的人一起听过的歌", "同意了吗[装可爱]", "破万我就和最喜欢的人复合", "夏洛特", "99", "爱你 老己", "真爱降临"]}, {"topic_id": 1, "keywords": ["VIP"], "count": 6, "examples": ["[VIP]", "[VIP]", "[VIP]"], "all_comments": ["[VIP]", "[VIP]", "[VIP]", "[VIP]", "[VIP]", "[VIP]"]}, {"topic_id": 2, "keywords": ["喝水"], "count": 2, "examples": ["喝水", "喝水"], "all_comments": ["喝水", "喝水"]}], "total_comments": 50}

[Combined Analysis] stdout: {"sentiment": {"positive": 16, "neutral": 34, "negative": 0}, "topics": [{"topic_id": 0, "keywords": ["中考", "主动", "发消息", "陌生人", "方大同"], "count": 25, "examples": ["刚听完方大同再来听林俊杰感觉你俩声音真的好像[呆]", "我放不下你。", "中考加油呀"], "all_comments": ["刚听完方大同再来听林俊杰感觉你俩声音真的好像[呆]", "我放不下你。", "中考加油呀", "中考加油", "感觉评论区留言都好善良", "我的爱很小声你听不见很正常.\n\n如果我不主动发消息我们就像陌生人.\n\n熬不完的夜只记得开始只是为了陪你.\n\n投放弃你的时候我的心都在流泪.\n\n如果我不主动发消息我们就像陌生人.\n\n低落的情绪让我上瘾也让我痛苦.", "这有这个歌曲能提起我的兴趣👍", "恭喜！", "今天是2026.6.20 这是我毕业的第1天🌚", "游戏真的比我重要吗", "我笔记可以领黑胶⩌⩊⩌", "一听到就有劲了[庆祝]", "喜欢你快四年了", "天天开心噢", "人需要一些到此为止的勇气", "同学9月就是属于我们的6年了", "斯…注销了？", "我们还是分开了", "和喜欢的人一起听过的歌", "同意了吗[装可爱]", "破万我就和最喜欢的人复合", "夏洛特", "99", "爱你 老己", "真爱降临"]}, {"topic_id": 1, "keywords": ["VIP"], "count": 6, "examples": ["[VIP]", "[VIP]", "[VIP]"], "all_comments": ["[VIP]", "[VIP]", "[VIP]", "[VIP]", "[VIP]", "[VIP]"]}, {"topic_id": 2, "keywords": ["喝水"], "count": 2, "examples": ["喝水", "喝水"], "all_comments": ["喝水", "喝水"]}], "total_comments": 50}

[Combined Analysis] stdout: {"sentiment": {"positive": 16, "neutral": 34, "negative": 0}, "topics": [{"topic_id": 0, "keywords": ["中考", "主动", "发消息", "陌生人", "方大同"], "count": 25, "examples": ["刚听完方大同再来听林俊杰感觉你俩声音真的好像[呆]", "我放不下你。", "中考加油呀"], "all_comments": ["刚听完方大同再来听林俊杰感觉你俩声音真的好像[呆]", "我放不下你。", "中考加油呀", "中考加油", "感觉评论区留言都好善良", "我的爱很小声你听不见很正常.\n\n如果我不主动发消息我们就像陌生人.\n\n熬不完的夜只记得开始只是为了陪你.\n\n投放弃你的时候我的心都在流泪.\n\n如果我不主动发消息我们就像陌生人.\n\n低落的情绪让我上瘾也让我痛苦.", "这有这个歌曲能提起我的兴趣👍", "恭喜！", "今天是2026.6.20 这是我毕业的第1天🌚", "游戏真的比我重要吗", "我笔记可以领黑胶⩌⩊⩌", "一听到就有劲了[庆祝]", "喜欢你快四年了", "天天开心噢", "人需要一些到此为止的勇气", "同学9月就是属于我们的6年了", "斯…注销了？", "我们还是分开了", "和喜欢的人一起听过的歌", "同意了吗[装可爱]", "破万我就和最喜欢的人复合", "夏洛特", "99", "爱你 老己", "真爱降临"]}, {"topic_id": 1, "keywords": ["VIP"], "count": 6, "examples": ["[VIP]", "[VIP]", "[VIP]"], "all_comments": ["[VIP]", "[VIP]", "[VIP]", "[VIP]", "[VIP]", "[VIP]"]}, {"topic_id": 2, "keywords": ["喝水"], "count": 2, "examples": ["喝水", "喝水"], "all_comments": ["喝水", "喝水"]}], "total_comments": 50}

[Combined Analysis] stdout: {"sentiment": {"positive": 0, "neutral": 0, "negative": 0}, "topics": [], "total_comments": 0}

[Combined Analysis] stdout: {"sentiment": {"positive": 0, "neutral": 0, "negative": 0}, "topics": [], "total_comments": 0}

[Combined Analysis] stdout: {"sentiment": {"positive": 0, "neutral": 0, "negative": 0}, "topics": [], "total_comments": 0}

[Combined Analysis] stdout: {"sentiment": {"positive": 16, "neutral": 34, "negative": 0}, "topics": [{"topic_id": 0, "keywords": ["中考", "主动", "发消息", "陌生人", "方大同"], "count": 25, "examples": ["刚听完方大同再来听林俊杰感觉你俩声音真的好像[呆]", "我放不下你。", "中考加油呀"], "all_comments": ["刚听完方大同再来听林俊杰感觉你俩声音真的好像[呆]", "我放不下你。", "中考加油呀", "中考加油", "感觉评论区留言都好善良", "我的爱很小声你听不见很正常.\n\n如果我不主动发消息我们就像陌生人.\n\n熬不完的夜只记得开始只是为了陪你.\n\n投放弃你的时候我的心都在流泪.\n\n如果我不主动发消息我们就像陌生人.\n\n低落的情绪让我上瘾也让我痛苦.", "这有这个歌曲能提起我的兴趣👍", "恭喜！", "今天是2026.6.20 这是我毕业的第1天🌚", "游戏真的比我重要吗", "我笔记可以领黑胶⩌⩊⩌", "一听到就有劲了[庆祝]", "喜欢你快四年了", "天天开心噢", "人需要一些到此为止的勇气", "同学9月就是属于我们的6年了", "斯…注销了？", "我们还是分开了", "和喜欢的人一起听过的歌", "同意了吗[装可爱]", "破万我就和最喜欢的人复合", "夏洛特", "99", "爱你 老己", "真爱降临"]}, {"topic_id": 1, "keywords": ["VIP"], "count": 6, "examples": ["[VIP]", "[VIP]", "[VIP]"], "all_comments": ["[VIP]", "[VIP]", "[VIP]", "[VIP]", "[VIP]", "[VIP]"]}, {"topic_id": 2, "keywords": ["喝水"], "count": 2, "examples": ["喝水", "喝水"], "all_comments": ["喝水", "喝水"]}], "total_comments": 50}

[Combined Analysis] stdout: {"sentiment": {"positive": 0, "neutral": 0, "negative": 0}, "topics": [], "total_comments": 0}

[爬虫] artist desc: 3684
[爬虫] 获取歌手描述失败: 
[Combined Analysis] stdout: {"sentiment": {"positive": 16, "neutral": 34, "negative": 0}, "topics": [{"topic_id": 0, "keywords": ["中考", "主动", "发消息", "陌生人", "方大同"], "count": 25, "examples": ["刚听完方大同再来听林俊杰感觉你俩声音真的好像[呆]", "我放不下你。", "中考加油呀"], "all_comments": ["刚听完方大同再来听林俊杰感觉你俩声音真的好像[呆]", "我放不下你。", "中考加油呀", "中考加油", "感觉评论区留言都好善良", "我的爱很小声你听不见很正常.\n\n如果我不主动发消息我们就像陌生人.\n\n熬不完的夜只记得开始只是为了陪你.\n\n投放弃你的时候我的心都在流泪.\n\n如果我不主动发消息我们就像陌生人.\n\n低落的情绪让我上瘾也让我痛苦.", "这有这个歌曲能提起我的兴趣👍", "恭喜！", "今天是2026.6.20 这是我毕业的第1天🌚", "游戏真的比我重要吗", "我笔记可以领黑胶⩌⩊⩌", "一听到就有劲了[庆祝]", "喜欢你快四年了", "天天开心噢", "人需要一些到此为止的勇气", "同学9月就是属于我们的6年了", "斯…注销了？", "我们还是分开了", "和喜欢的人一起听过的歌", "同意了吗[装可爱]", "破万我就和最喜欢的人复合", "夏洛特", "99", "爱你 老己", "真爱降临"]}, {"topic_id": 1, "keywords": ["VIP"], "count": 6, "examples": ["[VIP]", "[VIP]", "[VIP]"], "all_comments": ["[VIP]", "[VIP]", "[VIP]", "[VIP]", "[VIP]", "[VIP]"]}, {"topic_id": 2, "keywords": ["喝水"], "count": 2, "examples": ["喝水", "喝水"], "all_comments": ["喝水", "喝水"]}], "total_comments": 50}

[Combined Analysis] stdout: {"sentiment": {"positive": 16, "neutral": 34, "negative": 0}, "topics": [{"topic_id": 0, "keywords": ["中考", "主动", "发消息", "陌生人", "方大同"], "count": 25, "examples": ["刚听完方大同再来听林俊杰感觉你俩声音真的好像[呆]", "我放不下你。", "中考加油呀"], "all_comments": ["刚听完方大同再来听林俊杰感觉你俩声音真的好像[呆]", "我放不下你。", "中考加油呀", "中考加油", "感觉评论区留言都好善良", "我的爱很小声你听不见很正常.\n\n如果我不主动发消息我们就像陌生人.\n\n熬不完的夜只记得开始只是为了陪你.\n\n投放弃你的时候我的心都在流泪.\n\n如果我不主动发消息我们就像陌生人.\n\n低落的情绪让我上瘾也让我痛苦.", "这有这个歌曲能提起我的兴趣👍", "恭喜！", "今天是2026.6.20 这是我毕业的第1天🌚", "游戏真的比我重要吗", "我笔记可以领黑胶⩌⩊⩌", "一听到就有劲了[庆祝]", "喜欢你快四年了", "天天开心噢", "人需要一些到此为止的勇气", "同学9月就是属于我们的6年了", "斯…注销了？", "我们还是分开了", "和喜欢的人一起听过的歌", "同意了吗[装可爱]", "破万我就和最喜欢的人复合", "夏洛特", "99", "爱你 老己", "真爱降临"]}, {"topic_id": 1, "keywords": ["VIP"], "count": 6, "examples": ["[VIP]", "[VIP]", "[VIP]"], "all_comments": ["[VIP]", "[VIP]", "[VIP]", "[VIP]", "[VIP]", "[VIP]"]}, {"topic_id": 2, "keywords": ["喝水"], "count": 2, "examples": ["喝水", "喝水"], "all_comments": ["喝水", "喝水"]}], "total_comments": 50}

[Combined Analysis] stdout: {"sentiment": {"positive": 0, "neutral": 0, "negative": 0}, "topics": [], "total_comments": 0}

[Combined Analysis] stdout: {"sentiment": {"positive": 16, "neutral": 34, "negative": 0}, "topics": [{"topic_id": 0, "keywords": ["中考", "主动", "发消息", "陌生人", "方大同"], "count": 25, "examples": ["刚听完方大同再来听林俊杰感觉你俩声音真的好像[呆]", "我放不下你。", "中考加油呀"], "all_comments": ["刚听完方大同再来听林俊杰感觉你俩声音真的好像[呆]", "我放不下你。", "中考加油呀", "中考加油", "感觉评论区留言都好善良", "我的爱很小声你听不见很正常.\n\n如果我不主动发消息我们就像陌生人.\n\n熬不完的夜只记得开始只是为了陪你.\n\n投放弃你的时候我的心都在流泪.\n\n如果我不主动发消息我们就像陌生人.\n\n低落的情绪让我上瘾也让我痛苦.", "这有这个歌曲能提起我的兴趣👍", "恭喜！", "今天是2026.6.20 这是我毕业的第1天🌚", "游戏真的比我重要吗", "我笔记可以领黑胶⩌⩊⩌", "一听到就有劲了[庆祝]", "喜欢你快四年了", "天天开心噢", "人需要一些到此为止的勇气", "同学9月就是属于我们的6年了", "斯…注销了？", "我们还是分开了", "和喜欢的人一起听过的歌", "同意了吗[装可爱]", "破万我就和最喜欢的人复合", "夏洛特", "99", "爱你 老己", "真爱降临"]}, {"topic_id": 1, "keywords": ["VIP"], "count": 6, "examples": ["[VIP]", "[VIP]", "[VIP]"], "all_comments": ["[VIP]", "[VIP]", "[VIP]", "[VIP]", "[VIP]", "[VIP]"]}, {"topic_id": 2, "keywords": ["喝水"], "count": 2, "examples": ["喝水", "喝水"], "all_comments": ["喝水", "喝水"]}], "total_comments": 50}

[Combined Analysis] stdout: {"sentiment": {"positive": 0, "neutral": 0, "negative": 0}, "topics": [], "total_comments": 0}

[Combined Analysis] stdout: {"sentiment": {"positive": 0, "neutral": 0, "negative": 0}, "topics": [], "total_comments": 0}

[Combined Analysis] stdout: {"sentiment": {"positive": 16, "neutral": 34, "negative": 0}, "topics": [{"topic_id": 0, "keywords": ["中考", "主动", "发消息", "陌生人", "方大同"], "count": 25, "examples": ["刚听完方大同再来听林俊杰感觉你俩声音真的好像[呆]", "我放不下你。", "中考加油呀"], "all_comments": ["刚听完方大同再来听林俊杰感觉你俩声音真的好像[呆]", "我放不下你。", "中考加油呀", "中考加油", "感觉评论区留言都好善良", "我的爱很小声你听不见很正常.\n\n如果我不主动发消息我们就像陌生人.\n\n熬不完的夜只记得开始只是为了陪你.\n\n投放弃你的时候我的心都在流泪.\n\n如果我不主动发消息我们就像陌生人.\n\n低落的情绪让我上瘾也让我痛苦.", "这有这个歌曲能提起我的兴趣👍", "恭喜！", "今天是2026.6.20 这是我毕业的第1天🌚", "游戏真的比我重要吗", "我笔记可以领黑胶⩌⩊⩌", "一听到就有劲了[庆祝]", "喜欢你快四年了", "天天开心噢", "人需要一些到此为止的勇气", "同学9月就是属于我们的6年了", "斯…注销了？", "我们还是分开了", "和喜欢的人一起听过的歌", "同意了吗[装可爱]", "破万我就和最喜欢的人复合", "夏洛特", "99", "爱你 老己", "真爱降临"]}, {"topic_id": 1, "keywords": ["VIP"], "count": 6, "examples": ["[VIP]", "[VIP]", "[VIP]"], "all_comments": ["[VIP]", "[VIP]", "[VIP]", "[VIP]", "[VIP]", "[VIP]"]}, {"topic_id": 2, "keywords": ["喝水"], "count": 2, "examples": ["喝水", "喝水"], "all_comments": ["喝水", "喝水"]}], "total_comments": 50}

[Combined Analysis] stdout: {"sentiment": {"positive": 16, "neutral": 34, "negative": 0}, "topics": [{"topic_id": 0, "keywords": ["中考", "主动", "发消息", "陌生人", "方大同"], "count": 25, "examples": ["刚听完方大同再来听林俊杰感觉你俩声音真的好像[呆]", "我放不下你。", "中考加油呀"], "all_comments": ["刚听完方大同再来听林俊杰感觉你俩声音真的好像[呆]", "我放不下你。", "中考加油呀", "中考加油", "感觉评论区留言都好善良", "我的爱很小声你听不见很正常.\n\n如果我不主动发消息我们就像陌生人.\n\n熬不完的夜只记得开始只是为了陪你.\n\n投放弃你的时候我的心都在流泪.\n\n如果我不主动发消息我们就像陌生人.\n\n低落的情绪让我上瘾也让我痛苦.", "这有这个歌曲能提起我的兴趣👍", "恭喜！", "今天是2026.6.20 这是我毕业的第1天🌚", "游戏真的比我重要吗", "我笔记可以领黑胶⩌⩊⩌", "一听到就有劲了[庆祝]", "喜欢你快四年了", "天天开心噢", "人需要一些到此为止的勇气", "同学9月就是属于我们的6年了", "斯…注销了？", "我们还是分开了", "和喜欢的人一起听过的歌", "同意了吗[装可爱]", "破万我就和最喜欢的人复合", "夏洛特", "99", "爱你 老己", "真爱降临"]}, {"topic_id": 1, "keywords": ["VIP"], "count": 6, "examples": ["[VIP]", "[VIP]", "[VIP]"], "all_comments": ["[VIP]", "[VIP]", "[VIP]", "[VIP]", "[VIP]", "[VIP]"]}, {"topic_id": 2, "keywords": ["喝水"], "count": 2, "examples": ["喝水", "喝水"], "all_comments": ["喝水", "喝水"]}], "total_comments": 50}

[爬虫] artist desc: 3684
[爬虫] 获取歌手描述失败: 
[Combined Analysis] stdout: {"sentiment": {"positive": 16, "neutral": 34, "negative": 0}, "topics": [{"topic_id": 0, "keywords": ["中考", "主动", "发消息", "陌生人", "方大同"], "count": 25, "examples": ["刚听完方大同再来听林俊杰感觉你俩声音真的好像[呆]", "我放不下你。", "中考加油呀"], "all_comments": ["刚听完方大同再来听林俊杰感觉你俩声音真的好像[呆]", "我放不下你。", "中考加油呀", "中考加油", "感觉评论区留言都好善良", "我的爱很小声你听不见很正常.\n\n如果我不主动发消息我们就像陌生人.\n\n熬不完的夜只记得开始只是为了陪你.\n\n投放弃你的时候我的心都在流泪.\n\n如果我不主动发消息我们就像陌生人.\n\n低落的情绪让我上瘾也让我痛苦.", "这有这个歌曲能提起我的兴趣👍", "恭喜！", "今天是2026.6.20 这是我毕业的第1天🌚", "游戏真的比我重要吗", "我笔记可以领黑胶⩌⩊⩌", "一听到就有劲了[庆祝]", "喜欢你快四年了", "天天开心噢", "人需要一些到此为止的勇气", "同学9月就是属于我们的6年了", "斯…注销了？", "我们还是分开了", "和喜欢的人一起听过的歌", "同意了吗[装可爱]", "破万我就和最喜欢的人复合", "夏洛特", "99", "爱你 老己", "真爱降临"]}, {"topic_id": 1, "keywords": ["VIP"], "count": 6, "examples": ["[VIP]", "[VIP]", "[VIP]"], "all_comments": ["[VIP]", "[VIP]", "[VIP]", "[VIP]", "[VIP]", "[VIP]"]}, {"topic_id": 2, "keywords": ["喝水"], "count": 2, "examples": ["喝水", "喝水"], "all_comments": ["喝水", "喝水"]}], "total_comments": 50}

[Combined Analysis] stdout: {"sentiment": {"positive": 16, "neutral": 34, "negative": 0}, "topics": [{"topic_id": 0, "keywords": ["中考", "主动", "发消息", "陌生人", "方大同"], "count": 25, "examples": ["刚听完方大同再来听林俊杰感觉你俩声音真的好像[呆]", "我放不下你。", "中考加油呀"], "all_comments": ["刚听完方大同再来听林俊杰感觉你俩声音真的好像[呆]", "我放不下你。", "中考加油呀", "中考加油", "感觉评论区留言都好善良", "我的爱很小声你听不见很正常.\n\n如果我不主动发消息我们就像陌生人.\n\n熬不完的夜只记得开始只是为了陪你.\n\n投放弃你的时候我的心都在流泪.\n\n如果我不主动发消息我们就像陌生人.\n\n低落的情绪让我上瘾也让我痛苦.", "这有这个歌曲能提起我的兴趣👍", "恭喜！", "今天是2026.6.20 这是我毕业的第1天🌚", "游戏真的比我重要吗", "我笔记可以领黑胶⩌⩊⩌", "一听到就有劲了[庆祝]", "喜欢你快四年了", "天天开心噢", "人需要一些到此为止的勇气", "同学9月就是属于我们的6年了", "斯…注销了？", "我们还是分开了", "和喜欢的人一起听过的歌", "同意了吗[装可爱]", "破万我就和最喜欢的人复合", "夏洛特", "99", "爱你 老己", "真爱降临"]}, {"topic_id": 1, "keywords": ["VIP"], "count": 6, "examples": ["[VIP]", "[VIP]", "[VIP]"], "all_comments": ["[VIP]", "[VIP]", "[VIP]", "[VIP]", "[VIP]", "[VIP]"]}, {"topic_id": 2, "keywords": ["喝水"], "count": 2, "examples": ["喝水", "喝水"], "all_comments": ["喝水", "喝水"]}], "total_comments": 50}

[Combined Analysis] stdout: {"sentiment": {"positive": 16, "neutral": 34, "negative": 0}, "topics": [{"topic_id": 0, "keywords": ["中考", "主动", "发消息", "陌生人", "方大同"], "count": 25, "examples": ["刚听完方大同再来听林俊杰感觉你俩声音真的好像[呆]", "我放不下你。", "中考加油呀"], "all_comments": ["刚听完方大同再来听林俊杰感觉你俩声音真的好像[呆]", "我放不下你。", "中考加油呀", "中考加油", "感觉评论区留言都好善良", "我的爱很小声你听不见很正常.\n\n如果我不主动发消息我们就像陌生人.\n\n熬不完的夜只记得开始只是为了陪你.\n\n投放弃你的时候我的心都在流泪.\n\n如果我不主动发消息我们就像陌生人.\n\n低落的情绪让我上瘾也让我痛苦.", "这有这个歌曲能提起我的兴趣👍", "恭喜！", "今天是2026.6.20 这是我毕业的第1天🌚", "游戏真的比我重要吗", "我笔记可以领黑胶⩌⩊⩌", "一听到就有劲了[庆祝]", "喜欢你快四年了", "天天开心噢", "人需要一些到此为止的勇气", "同学9月就是属于我们的6年了", "斯…注销了？", "我们还是分开了", "和喜欢的人一起听过的歌", "同意了吗[装可爱]", "破万我就和最喜欢的人复合", "夏洛特", "99", "爱你 老己", "真爱降临"]}, {"topic_id": 1, "keywords": ["VIP"], "count": 6, "examples": ["[VIP]", "[VIP]", "[VIP]"], "all_comments": ["[VIP]", "[VIP]", "[VIP]", "[VIP]", "[VIP]", "[VIP]"]}, {"topic_id": 2, "keywords": ["喝水"], "count": 2, "examples": ["喝水", "喝水"], "all_comments": ["喝水", "喝水"]}], "total_comments": 50}

[Combined Analysis] stdout: {"sentiment": {"positive": 0, "neutral": 0, "negative": 0}, "topics": [], "total_comments": 0}

[Combined Analysis] stdout: {"sentiment": {"positive": 16, "neutral": 34, "negative": 0}, "topics": [{"topic_id": 0, "keywords": ["中考", "主动", "发消息", "陌生人", "方大同"], "count": 25, "examples": ["刚听完方大同再来听林俊杰感觉你俩声音真的好像[呆]", "我放不下你。", "中考加油呀"], "all_comments": ["刚听完方大同再来听林俊杰感觉你俩声音真的好像[呆]", "我放不下你。", "中考加油呀", "中考加油", "感觉评论区留言都好善良", "我的爱很小声你听不见很正常.\n\n如果我不主动发消息我们就像陌生人.\n\n熬不完的夜只记得开始只是为了陪你.\n\n投放弃你的时候我的心都在流泪.\n\n如果我不主动发消息我们就像陌生人.\n\n低落的情绪让我上瘾也让我痛苦.", "这有这个歌曲能提起我的兴趣👍", "恭喜！", "今天是2026.6.20 这是我毕业的第1天🌚", "游戏真的比我重要吗", "我笔记可以领黑胶⩌⩊⩌", "一听到就有劲了[庆祝]", "喜欢你快四年了", "天天开心噢", "人需要一些到此为止的勇气", "同学9月就是属于我们的6年了", "斯…注销了？", "我们还是分开了", "和喜欢的人一起听过的歌", "同意了吗[装可爱]", "破万我就和最喜欢的人复合", "夏洛特", "99", "爱你 老己", "真爱降临"]}, {"topic_id": 1, "keywords": ["VIP"], "count": 6, "examples": ["[VIP]", "[VIP]", "[VIP]"], "all_comments": ["[VIP]", "[VIP]", "[VIP]", "[VIP]", "[VIP]", "[VIP]"]}, {"topic_id": 2, "keywords": ["喝水"], "count": 2, "examples": ["喝水", "喝水"], "all_comments": ["喝水", "喝水"]}], "total_comments": 50}

[Combined Analysis] stdout: {"sentiment": {"positive": 0, "neutral": 0, "negative": 0}, "topics": [], "total_comments": 0}

[Combined Analysis] stdout: {"sentiment": {"positive": 16, "neutral": 34, "negative": 0}, "topics": [{"topic_id": 0, "keywords": ["中考", "主动", "发消息", "陌生人", "方大同"], "count": 25, "examples": ["刚听完方大同再来听林俊杰感觉你俩声音真的好像[呆]", "我放不下你。", "中考加油呀"], "all_comments": ["刚听完方大同再来听林俊杰感觉你俩声音真的好像[呆]", "我放不下你。", "中考加油呀", "中考加油", "感觉评论区留言都好善良", "我的爱很小声你听不见很正常.\n\n如果我不主动发消息我们就像陌生人.\n\n熬不完的夜只记得开始只是为了陪你.\n\n投放弃你的时候我的心都在流泪.\n\n如果我不主动发消息我们就像陌生人.\n\n低落的情绪让我上瘾也让我痛苦.", "这有这个歌曲能提起我的兴趣👍", "恭喜！", "今天是2026.6.20 这是我毕业的第1天🌚", "游戏真的比我重要吗", "我笔记可以领黑胶⩌⩊⩌", "一听到就有劲了[庆祝]", "喜欢你快四年了", "天天开心噢", "人需要一些到此为止的勇气", "同学9月就是属于我们的6年了", "斯…注销了？", "我们还是分开了", "和喜欢的人一起听过的歌", "同意了吗[装可爱]", "破万我就和最喜欢的人复合", "夏洛特", "99", "爱你 老己", "真爱降临"]}, {"topic_id": 1, "keywords": ["VIP"], "count": 6, "examples": ["[VIP]", "[VIP]", "[VIP]"], "all_comments": ["[VIP]", "[VIP]", "[VIP]", "[VIP]", "[VIP]", "[VIP]"]}, {"topic_id": 2, "keywords": ["喝水"], "count": 2, "examples": ["喝水", "喝水"], "all_comments": ["喝水", "喝水"]}], "total_comments": 50}

[Combined Analysis] stdout: {"sentiment": {"positive": 0, "neutral": 0, "negative": 0}, "topics": [], "total_comments": 0}

[爬虫] artist desc: 3684
[爬虫] 获取歌手描述失败: 
[Combined Analysis] stdout: {"sentiment": {"positive": 0, "neutral": 0, "negative": 0}, "topics": [], "total_comments": 0}

[Combined Analysis] stdout: {"sentiment": {"positive": 16, "neutral": 34, "negative": 0}, "topics": [{"topic_id": 0, "keywords": ["中考", "主动", "发消息", "陌生人", "方大同"], "count": 25, "examples": ["刚听完方大同再来听林俊杰感觉你俩声音真的好像[呆]", "我放不下你。", "中考加油呀"], "all_comments": ["刚听完方大同再来听林俊杰感觉你俩声音真的好像[呆]", "我放不下你。", "中考加油呀", "中考加油", "感觉评论区留言都好善良", "我的爱很小声你听不见很正常.\n\n如果我不主动发消息我们就像陌生人.\n\n熬不完的夜只记得开始只是为了陪你.\n\n投放弃你的时候我的心都在流泪.\n\n如果我不主动发消息我们就像陌生人.\n\n低落的情绪让我上瘾也让我痛苦.", "这有这个歌曲能提起我的兴趣👍", "恭喜！", "今天是2026.6.20 这是我毕业的第1天🌚", "游戏真的比我重要吗", "我笔记可以领黑胶⩌⩊⩌", "一听到就有劲了[庆祝]", "喜欢你快四年了", "天天开心噢", "人需要一些到此为止的勇气", "同学9月就是属于我们的6年了", "斯…注销了？", "我们还是分开了", "和喜欢的人一起听过的歌", "同意了吗[装可爱]", "破万我就和最喜欢的人复合", "夏洛特", "99", "爱你 老己", "真爱降临"]}, {"topic_id": 1, "keywords": ["VIP"], "count": 6, "examples": ["[VIP]", "[VIP]", "[VIP]"], "all_comments": ["[VIP]", "[VIP]", "[VIP]", "[VIP]", "[VIP]", "[VIP]"]}, {"topic_id": 2, "keywords": ["喝水"], "count": 2, "examples": ["喝水", "喝水"], "all_comments": ["喝水", "喝水"]}], "total_comments": 50}

[Combined Analysis] stdout: {"sentiment": {"positive": 16, "neutral": 34, "negative": 0}, "topics": [{"topic_id": 0, "keywords": ["中考", "主动", "发消息", "陌生人", "方大同"], "count": 25, "examples": ["刚听完方大同再来听林俊杰感觉你俩声音真的好像[呆]", "我放不下你。", "中考加油呀"], "all_comments": ["刚听完方大同再来听林俊杰感觉你俩声音真的好像[呆]", "我放不下你。", "中考加油呀", "中考加油", "感觉评论区留言都好善良", "我的爱很小声你听不见很正常.\n\n如果我不主动发消息我们就像陌生人.\n\n熬不完的夜只记得开始只是为了陪你.\n\n投放弃你的时候我的心都在流泪.\n\n如果我不主动发消息我们就像陌生人.\n\n低落的情绪让我上瘾也让我痛苦.", "这有这个歌曲能提起我的兴趣👍", "恭喜！", "今天是2026.6.20 这是我毕业的第1天🌚", "游戏真的比我重要吗", "我笔记可以领黑胶⩌⩊⩌", "一听到就有劲了[庆祝]", "喜欢你快四年了", "天天开心噢", "人需要一些到此为止的勇气", "同学9月就是属于我们的6年了", "斯…注销了？", "我们还是分开了", "和喜欢的人一起听过的歌", "同意了吗[装可爱]", "破万我就和最喜欢的人复合", "夏洛特", "99", "爱你 老己", "真爱降临"]}, {"topic_id": 1, "keywords": ["VIP"], "count": 6, "examples": ["[VIP]", "[VIP]", "[VIP]"], "all_comments": ["[VIP]", "[VIP]", "[VIP]", "[VIP]", "[VIP]", "[VIP]"]}, {"topic_id": 2, "keywords": ["喝水"], "count": 2, "examples": ["喝水", "喝水"], "all_comments": ["喝水", "喝水"]}], "total_comments": 50}

[Combined Analysis] stdout: {"sentiment": {"positive": 16, "neutral": 34, "negative": 0}, "topics": [{"topic_id": 0, "keywords": ["中考", "主动", "发消息", "陌生人", "方大同"], "count": 25, "examples": ["刚听完方大同再来听林俊杰感觉你俩声音真的好像[呆]", "我放不下你。", "中考加油呀"], "all_comments": ["刚听完方大同再来听林俊杰感觉你俩声音真的好像[呆]", "我放不下你。", "中考加油呀", "中考加油", "感觉评论区留言都好善良", "我的爱很小声你听不见很正常.\n\n如果我不主动发消息我们就像陌生人.\n\n熬不完的夜只记得开始只是为了陪你.\n\n投放弃你的时候我的心都在流泪.\n\n如果我不主动发消息我们就像陌生人.\n\n低落的情绪让我上瘾也让我痛苦.", "这有这个歌曲能提起我的兴趣👍", "恭喜！", "今天是2026.6.20 这是我毕业的第1天🌚", "游戏真的比我重要吗", "我笔记可以领黑胶⩌⩊⩌", "一听到就有劲了[庆祝]", "喜欢你快四年了", "天天开心噢", "人需要一些到此为止的勇气", "同学9月就是属于我们的6年了", "斯…注销了？", "我们还是分开了", "和喜欢的人一起听过的歌", "同意了吗[装可爱]", "破万我就和最喜欢的人复合", "夏洛特", "99", "爱你 老己", "真爱降临"]}, {"topic_id": 1, "keywords": ["VIP"], "count": 6, "examples": ["[VIP]", "[VIP]", "[VIP]"], "all_comments": ["[VIP]", "[VIP]", "[VIP]", "[VIP]", "[VIP]", "[VIP]"]}, {"topic_id": 2, "keywords": ["喝水"], "count": 2, "examples": ["喝水", "喝水"], "all_comments": ["喝水", "喝水"]}], "total_comments": 50}

[爬虫] search: "ljj" type=100 limit=10
[Search] 爬虫: "ljj" → 10 条 (共 31)
[Scraper] 开始抓取歌手: 3684
[爬虫] artist detail: 3684
[Scraper] 获取到粉丝数: 0
[爬虫] artist top songs: 3684
[Scraper] 获取到 50 首歌曲
[Scraper] 开始获取歌曲评论数...
[Scraper] 评论数获取完成
[Scraper] 获取到 20 张专辑
[爬虫] similar artists: 3684
[爬虫] 获取相似歌手失败: 
[Scraper] 获取到 0 位相似歌手
[Scraper] ✅ 歌手 林俊杰 (3684) 入库完成，50 首歌曲
[Scraper] 开始抓取歌手: 3684
[爬虫] artist top songs: 3684
[爬虫] artist detail: 3684
[Scraper] 获取到粉丝数: 0
[爬虫] artist top songs: 3684
[Scraper] 获取到 50 首歌曲
[Scraper] 开始获取歌曲评论数...
[Scraper] 评论数获取完成
[Scraper] 获取到 20 张专辑
[爬虫] similar artists: 3684
[爬虫] 获取相似歌手失败: 
[Scraper] 获取到 0 位相似歌手
[Scraper] ✅ 歌手 林俊杰 (3684) 入库完成，50 首歌曲
[爬虫] artist desc: 3684
[爬虫] artist top songs: 3684
[爬虫] 获取歌手描述失败: 
[Combined Analysis] stdout: {"sentiment": {"positive": 0, "neutral": 0, "negative": 0}, "topics": [], "total_comments": 0}

[Combined Analysis] stdout: {"sentiment": {"positive": 15, "neutral": 35, "negative": 0}, "topics": [{"topic_id": 0, "keywords": ["VIP", "中考", "喝水", "主动", "发消息"], "count": 34, "examples": ["明天地生！紧张紧张🚫", "祝你们幸福(´ω｀)♪🎉", "没有明天了 czr"], "all_comments": ["明天地生！紧张紧张🚫", "祝你们幸福(´ω｀)♪🎉", "没有明天了 czr", "[VIP]", "[VIP]", "何苗我爱你", "倘若你遇见了真正的爱 那就永远幸福别一路坎坷", "[VIP]", "刚听完方大同再来听林俊杰感觉你俩声音真的好像[呆]", "[VIP]", "[VIP]", "我放不下你。", "中考加油呀", "中考加油", "喝水", "感觉评论区留言都好善良", "[VIP]", "我的爱很小声你听不见很正常.\n\n如果我不主动发消息我们就像陌生人.\n\n熬不完的夜只记得开始只是为了陪你.\n\n投放弃你的时候我的心都在流泪.\n\n如果我不主动发消息我们就像陌生人.\n\n低落的情绪让我上瘾也让我痛苦.", "[VIP]", "这有这个歌曲能提起我的兴趣👍", "恭喜！", "今天是2026.6.20 这是我毕业的第1天🌚", "游戏真的比我重要吗", "我笔记可以领黑胶⩌⩊⩌", "一听到就有劲了[庆祝]", "喜欢你快四年了", "喝水", "天天开心噢", "人需要一些到此为止的勇气", "同学9月就是属于我们的6年了", "斯…注销了？", "我们还是分开了", "[VIP]", "同意了吗[装可爱]"]}, {"topic_id": 1, "keywords": ["一起", "听过"], "count": 1, "examples": ["和喜欢的人一起听过的歌"], "all_comments": ["和喜欢的人一起听过的歌"]}, {"topic_id": 2, "keywords": ["一言为定"], "count": 1, "examples": ["一言为定"], "all_comments": ["一言为定"]}], "total_comments": 50}

[爬虫] artist desc: 3684
[爬虫] 获取歌手描述失败: 
[爬虫] search: "zhou jie lun" type=100 limit=10
[Search] 爬虫: "zhou jie lun" → 10 条 (共 79)
[爬虫] search: "周杰伦" type=100 limit=10
[Search] 爬虫: "周杰伦" → 10 条 (共 79)
[Scraper] 开始抓取歌手: 6452
[爬虫] artist detail: 6452
[Scraper] 获取到粉丝数: 0
[爬虫] artist top songs: 6452
[Scraper] 获取到 50 首歌曲
[Scraper] 开始获取歌曲评论数...
[Scraper] 评论数获取完成
[Scraper] 获取到 20 张专辑
[爬虫] similar artists: 6452
[爬虫] 获取相似歌手失败: 
[Scraper] 获取到 0 位相似歌手
[Scraper] ✅ 歌手 周杰伦 (6452) 入库完成，50 首歌曲
[爬虫] artist top songs: 6452
[爬虫] search: "xue" type=100 limit=10
[Search] 爬虫: "xue" → 10 条 (共 502)
[爬虫] search: "xue zhi qian" type=100 limit=10
[Search] 爬虫: "xue zhi qian" → 10 条 (共 60)
[爬虫] search: "薛之谦" type=100 limit=10
[Search] 爬虫: "薛之谦" → 10 条 (共 57)
[Scraper] 开始抓取歌手: 5781
[爬虫] artist detail: 5781
[Scraper] 获取到粉丝数: 0
[爬虫] artist top songs: 5781
[Scraper] 获取到 50 首歌曲
[Scraper] 开始获取歌曲评论数...
[Scraper] 评论数获取完成
[Scraper] 获取到 20 张专辑
[爬虫] similar artists: 5781
[爬虫] 获取相似歌手失败: 
[Scraper] 获取到 0 位相似歌手
[Scraper] ✅ 歌手 薛之谦 (5781) 入库完成，50 首歌曲
[爬虫] artist top songs: 5781
[爬虫] search: "lin" type=100 limit=10
[Search] 爬虫: "lin" → 10 条 (共 503)
[爬虫] search: "lin jun jie" type=100 limit=10
[Search] 爬虫: "lin jun jie" → 10 条 (共 11)
[爬虫] search: "林俊杰" type=100 limit=10
[Search] 爬虫: "林俊杰" → 10 条 (共 22)
[Scraper] 开始抓取歌手: 3684
[爬虫] artist detail: 3684
[Scraper] 获取到粉丝数: 0
[爬虫] artist top songs: 3684
[Scraper] 获取到 50 首歌曲
[Scraper] 开始获取歌曲评论数...
[Scraper] 评论数获取完成
[Scraper] 获取到 20 张专辑
[爬虫] similar artists: 3684
[爬虫] 获取相似歌手失败: 
[Scraper] 获取到 0 位相似歌手
[Scraper] ✅ 歌手 林俊杰 (3684) 入库完成，50 首歌曲
[爬虫] artist top songs: 3684
[爬虫] search: "deng" type=100 limit=10
[Search] 爬虫: "deng" → 10 条 (共 504)
[爬虫] search: "deng zi" type=100 limit=10
[Search] 爬虫: "deng zi" → 10 条 (共 170)
[爬虫] search: "deng zi qi" type=100 limit=10
[Search] 爬虫: "deng zi qi" → 10 条 (共 40)
[爬虫] search: "邓紫棋" type=100 limit=10
[Search] 爬虫: "邓紫棋" → 10 条 (共 42)
[Scraper] 开始抓取歌手: 7763
[爬虫] artist detail: 7763
[Scraper] 获取到粉丝数: 0
[爬虫] artist top songs: 7763
[Scraper] 获取到 50 首歌曲
[Scraper] 开始获取歌曲评论数...
[Scraper] 评论数获取完成
[Scraper] 获取到 20 张专辑
[爬虫] similar artists: 7763
[爬虫] 获取相似歌手失败: 
[Scraper] 获取到 0 位相似歌手
[Scraper] ✅ 歌手 G.E.M.邓紫棋 (7763) 入库完成，50 首歌曲
[爬虫] artist top songs: 7763
[Scraper] 开始抓取歌手: 6452
[爬虫] artist detail: 6452
[Scraper] 获取到粉丝数: 0
[爬虫] artist top songs: 6452
[Scraper] 获取到 50 首歌曲
[Scraper] 开始获取歌曲评论数...
[Scraper] 评论数获取完成
[Scraper] 获取到 20 张专辑
[爬虫] similar artists: 6452
[爬虫] 获取相似歌手失败: 
[Scraper] 获取到 0 位相似歌手
[Scraper] ✅ 歌手 周杰伦 (6452) 入库完成，50 首歌曲
[Scraper] 开始抓取歌手: 5781
[爬虫] artist detail: 5781
[Scraper] 获取到粉丝数: 0
[爬虫] artist top songs: 5781
[Scraper] 获取到 50 首歌曲
[Scraper] 开始获取歌曲评论数...
[Scraper] 评论数获取完成
[Scraper] 获取到 20 张专辑
[爬虫] similar artists: 5781
[爬虫] 获取相似歌手失败: 
[Scraper] 获取到 0 位相似歌手
[Scraper] ✅ 歌手 薛之谦 (5781) 入库完成，50 首歌曲
[Scraper] 开始抓取歌手: 3684
[爬虫] artist detail: 3684
[Scraper] 获取到粉丝数: 0
[爬虫] artist top songs: 3684
[Scraper] 获取到 50 首歌曲
[Scraper] 开始获取歌曲评论数...
[Scraper] 评论数获取完成
[Scraper] 获取到 20 张专辑
[爬虫] similar artists: 3684
[爬虫] 获取相似歌手失败: 
[Scraper] 获取到 0 位相似歌手
[Scraper] ✅ 歌手 林俊杰 (3684) 入库完成，50 首歌曲
[Scraper] 开始抓取歌手: 7763
[爬虫] artist detail: 7763
[Scraper] 获取到粉丝数: 0
[爬虫] artist top songs: 7763
[Scraper] 获取到 50 首歌曲
[Scraper] 开始获取歌曲评论数...
[Scraper] 评论数获取完成
[Scraper] 获取到 20 张专辑
[爬虫] similar artists: 7763
[爬虫] 获取相似歌手失败: 
[Scraper] 获取到 0 位相似歌手
[Scraper] ✅ 歌手 G.E.M.邓紫棋 (7763) 入库完成，50 首歌曲
[爬虫] artist desc: 6452
[爬虫] 获取歌手描述失败: 
[爬虫] artist top songs: 6452
[爬虫] artist desc: 5781
[爬虫] artist top songs: 5781
[爬虫] artist desc: 3684
[爬虫] 获取歌手描述失败: 
[爬虫] artist top songs: 3684
[爬虫] 获取歌手描述失败: 
[爬虫] artist desc: 7763
[爬虫] artist top songs: 7763
[爬虫] 获取歌手描述失败: 
[Combined Analysis] stdout: {"sentiment": {"positive": 4, "neutral": 46, "negative": 0}, "topics": [{"topic_id": 0, "keywords": ["111", "可爱", "周杰伦", "歌单", "有词"], "count": 27, "examples": ["111", "有周杰伦全部歌单有词有封面 不取关的来！", "感谢洛克王国"], "all_comments": ["111", "有周杰伦全部歌单有词有封面 不取关的来！", "感谢洛克王国", "不是腾讯解开版权了么，什么时候歌曲上架啊", "有全部\n有听歌记录，还有专辑数据", "[装可爱]", "宝子！", "[装可爱]", "111", "111", "111", "111\n\n", "111", "有周同学全部歌曲点头像看笔记", "实则到现在还没有", "111\n", "111", "111", "1111", "111", "111", "111", "等你下课", "新版太油", "111", "111", "111"]}, {"topic_id": 1, "keywords": ["11111"], "count": 1, "examples": ["11111"], "all_comments": ["11111"]}, {"topic_id": 2, "keywords": ["11"], "count": 2, "examples": ["11", "11"], "all_comments": ["11", "11"]}], "total_comments": 50}

[Combined Analysis] stdout: {"sentiment": {"positive": 4, "neutral": 46, "negative": 0}, "topics": [{"topic_id": 0, "keywords": ["111", "可爱", "周杰伦", "歌单", "有词"], "count": 27, "examples": ["111", "有周杰伦全部歌单有词有封面 不取关的来！", "感谢洛克王国"], "all_comments": ["111", "有周杰伦全部歌单有词有封面 不取关的来！", "感谢洛克王国", "不是腾讯解开版权了么，什么时候歌曲上架啊", "有全部\n有听歌记录，还有专辑数据", "[装可爱]", "宝子！", "[装可爱]", "111", "111", "111", "111\n\n", "111", "有周同学全部歌曲点头像看笔记", "实则到现在还没有", "111\n", "111", "111", "1111", "111", "111", "111", "等你下课", "新版太油", "111", "111", "111"]}, {"topic_id": 1, "keywords": ["11111"], "count": 1, "examples": ["11111"], "all_comments": ["11111"]}, {"topic_id": 2, "keywords": ["11"], "count": 2, "examples": ["11", "11"], "all_comments": ["11", "11"]}], "total_comments": 50}

[爬虫] artist desc: 6452
[爬虫] artist desc: 5781
[爬虫] artist desc: 3684
[爬虫] 获取歌手描述失败: 
[爬虫] 获取歌手描述失败: 
[爬虫] 获取歌手描述失败: 
[爬虫] artist desc: 6452
[爬虫] 获取歌手描述失败: 
[爬虫] artist desc: 5781
[爬虫] artist top songs: 6452
[爬虫] artist top songs: 5781
[爬虫] artist desc: 3684
[爬虫] 获取歌手描述失败: 
[爬虫] artist top songs: 3684
[爬虫] 获取歌手描述失败: 
[爬虫] artist desc: 6452
[爬虫] 获取歌手描述失败: 
[爬虫] artist desc: 5781
[爬虫] artist desc: 3684
[爬虫] 获取歌手描述失败: 
[爬虫] 获取歌手描述失败: 
[爬虫] artist top songs: 3684
[爬虫] artist top songs: 5781
[爬虫] artist top songs: 6452
[Combined Analysis] stdout: {"sentiment": {"positive": 15, "neutral": 35, "negative": 0}, "topics": [{"topic_id": 0, "keywords": ["VIP", "中考", "喝水", "主动", "发消息"], "count": 34, "examples": ["明天地生！紧张紧张🚫", "祝你们幸福(´ω｀)♪🎉", "没有明天了 czr"], "all_comments": ["明天地生！紧张紧张🚫", "祝你们幸福(´ω｀)♪🎉", "没有明天了 czr", "[VIP]", "[VIP]", "何苗我爱你", "倘若你遇见了真正的爱 那就永远幸福别一路坎坷", "[VIP]", "刚听完方大同再来听林俊杰感觉你俩声音真的好像[呆]", "[VIP]", "[VIP]", "我放不下你。", "中考加油呀", "中考加油", "喝水", "感觉评论区留言都好善良", "[VIP]", "我的爱很小声你听不见很正常.\n\n如果我不主动发消息我们就像陌生人.\n\n熬不完的夜只记得开始只是为了陪你.\n\n投放弃你的时候我的心都在流泪.\n\n如果我不主动发消息我们就像陌生人.\n\n低落的情绪让我上瘾也让我痛苦.", "[VIP]", "这有这个歌曲能提起我的兴趣👍", "恭喜！", "今天是2026.6.20 这是我毕业的第1天🌚", "游戏真的比我重要吗", "我笔记可以领黑胶⩌⩊⩌", "一听到就有劲了[庆祝]", "喜欢你快四年了", "喝水", "天天开心噢", "人需要一些到此为止的勇气", "同学9月就是属于我们的6年了", "斯…注销了？", "我们还是分开了", "[VIP]", "同意了吗[装可爱]"]}, {"topic_id": 1, "keywords": ["一起", "听过"], "count": 1, "examples": ["和喜欢的人一起听过的歌"], "all_comments": ["和喜欢的人一起听过的歌"]}, {"topic_id": 2, "keywords": ["一言为定"], "count": 1, "examples": ["一言为定"], "all_comments": ["一言为定"]}], "total_comments": 50}

[爬虫] search: "ma" type=100 limit=10
[Search] 爬虫: "ma" → 10 条 (共 505)
[Combined Analysis] stdout: {"sentiment": {"positive": 0, "neutral": 0, "negative": 0}, "topics": [], "total_comments": 0}

[爬虫] search: "mai ke" type=100 limit=10
[Search] 爬虫: "mai ke" → 10 条 (共 500)
[爬虫] search: "mi" type=100 limit=10
[Search] 爬虫: "mi" → 10 条 (共 503)
[爬虫] search: "米" type=100 limit=10
[Search] 爬虫: "米" → 10 条 (共 505)
[Scraper] 开始抓取歌手: 159300
[爬虫] artist detail: 159300
[爬虫] artist desc: 159300
[爬虫] artist top songs: 159300
[爬虫] artist desc: 6452
[爬虫] 获取歌手描述失败: 
[爬虫] 获取歌手描述失败: 
[爬虫] artist desc: 5781
[爬虫] artist desc: 3684
[爬虫] 获取歌手描述失败: 
[爬虫] 获取歌手描述失败: 
[Scraper] 获取到粉丝数: 0
[爬虫] artist top songs: 159300
[Scraper] 获取到 50 首歌曲
[Scraper] 开始获取歌曲评论数...
[Scraper] 评论数获取完成
[Scraper] 获取到 20 张专辑
[爬虫] similar artists: 159300
[爬虫] 获取相似歌手失败: 
[Scraper] 获取到 0 位相似歌手
[Scraper] ✅ 歌手 米津玄師 (159300) 入库完成，50 首歌曲
[爬虫] artist top songs: 159300
[爬虫] artist desc: 6452
[爬虫] artist desc: 5781
[爬虫] 获取歌手描述失败: 
[爬虫] 获取歌手描述失败: 
[爬虫] artist top songs: 6452
[爬虫] artist desc: 3684
[爬虫] artist top songs: 3684
[爬虫] artist desc: 159300
[爬虫] artist top songs: 159300
[爬虫] artist top songs: 5781
[爬虫] 获取歌手描述失败: 
[爬虫] 获取歌手描述失败: 
[爬虫] artist desc: 6452
[爬虫] artist desc: 5781
[爬虫] 获取歌手描述失败: 
[爬虫] 获取歌手描述失败: 
[爬虫] artist desc: 3684
[爬虫] artist desc: 159300
[爬虫] 获取歌手描述失败: 
[爬虫] 获取歌手描述失败: 
[爬虫] artist top songs: 5781
[爬虫] artist top songs: 6452
[爬虫] artist top songs: 159300
[爬虫] artist top songs: 3684
[Combined Analysis] stdout: {"sentiment": {"positive": 20, "neutral": 30, "negative": 0}, "topics": [{"topic_id": 0, "keywords": ["宝贝"], "count": 1, "examples": ["宝贝加油"], "all_comments": ["宝贝加油"]}, {"topic_id": 1, "keywords": ["表白", "以后", "下次", "虚无缥缈", "承诺"], "count": 37, "examples": ["怕难堪", "所以，分开时难过为什么不能说", "灯火阑珊，只是……我们许久未见#"], "all_comments": ["怕难堪", "所以，分开时难过为什么不能说", "灯火阑珊，只是……我们许久未见#", "wzy中考加油呀！", "抑郁好难熬啊", "10年了 你还在吗", "打卡", "希望我明天能抢到老薛的演唱会门票", "你像天使般出现@轩子酱。", "想到世界如此辽阔 想到我们毫无结果", "幸福[哭哭]", "你像天使般出现@轩子酱", "会好起来的", "肯定熟悉啊 一个喜欢我1个月 只和我谈三周的男孩亲口说的", "明天中考加油", "都说恨海情天了  那你觉得海大还是天大", "[EMO听歌]", "[认可]", "一定呀！早日康复", "海天各一色 你分的清吗", "这是他最喜欢的歌 再次听到难免有点哽咽", "恨海情天 到底是恨多一点还是情多一点", "分开时难过不能说 其实我没你不能活", "孩子应该长大了吧", "不爱你的人说什么都没用", "我其实喜欢你很久了，我不知道你有没有注意到我，当然眼里的喜欢是藏不住的，也许你只是，这次表白可能太突然了，先别急着拒绝我，这次表白我考虑了很久，哪怕做不了朋友，我向你表白也只是告诉我对你的心意，你不要心理负担，如果你能接受我当然是件很高兴的事，如果你拒绝了我，我也会坦然接受。", "其實沒有你我可以過得更好 ", "[欣赏音乐]", "薛之谦", "沉睡的汽车城迎来久违的轰鸣声", "10年了，有结婚吗？", "听100次其实就释怀了", "我们不要再讲什么 以后 下次 永远 一直 这些虚无缥缈的词了 承诺太重了.\n\n在不可预知的明天 平静也是一种幸福.\n\n有人捏着你的敏感隔岸观火 有人知晓你的过去心疼不已.\n\n你睡了嗎 我翻聊天記錄又看到你説愛我了.\n\n我一直在和别人埋怨你 直到有人问我还爱不爱你.\n\n对谁都一样的话 我明天就忘记你.\n", "我们不要再讲什么 以后 下次 永远 一直 这些虚无缥缈的词了 承诺太重了.\n\n在不可预知的明天 平静也是一种幸福.\n\n有人捏着你的敏感隔岸观火 有人知晓你的过去心疼不已.\n\n你睡了嗎 我翻聊天記錄又看到你説愛我了.\n\n我一直在和别人埋怨你 直到有人问我还爱不爱你.\n\n对谁都一样的话 我明天就忘记你.\n", "我们不要再讲什么 以后 下次 永远 一直 这些虚无缥缈的词了 承诺太重了.\n\n在不可预知的明天 平静也是一种幸福.\n\n有人捏着你的敏感隔岸观火 有人知晓你的过去心疼不已.\n\n你睡了嗎 我翻聊天記錄又看到你説愛我了.\n\n我一直在和别人埋怨你 直到有人问我还爱不爱你.\n\n对谁都一样的话 我明天就忘记你.\n", "😂12了得谈恋爱得多谈点，", "宝宝呀"]}, {"topic_id": 2, "keywords": ["停留", "14"], "count": 1, "examples": ["永远停留在14岁是不是也挺好的"], "all_comments": ["永远停留在14岁是不是也挺好的"]}], "total_comments": 50}

[Combined Analysis] stdout: {"sentiment": {"positive": 0, "neutral": 0, "negative": 0}, "topics": [], "total_comments": 0}

[爬虫] artist desc: 6452
[爬虫] artist desc: 5781
[爬虫] artist top songs: 3684
[爬虫] artist top songs: 5781
[爬虫] artist desc: 3684
[爬虫] 获取歌手描述失败: 
[爬虫] artist top songs: 6452
[爬虫] 获取歌手描述失败: 
[爬虫] 获取歌手描述失败: 
[爬虫] artist desc: 159300
[爬虫] artist top songs: 159300
[爬虫] 获取歌手描述失败: 
[爬虫] artist desc: 6452
[爬虫] 获取歌手描述失败: 
[爬虫] artist desc: 5781
[爬虫] 获取歌手描述失败: 
[爬虫] artist desc: 3684
[爬虫] 获取歌手描述失败: 
[爬虫] artist desc: 159300
[爬虫] 获取歌手描述失败: 
[爬虫] artist top songs: 159300
[爬虫] artist top songs: 5781
[爬虫] artist top songs: 6452
[爬虫] artist top songs: 3684
[Combined Analysis] stdout: {"sentiment": {"positive": 6, "neutral": 44, "negative": 0}, "topics": [{"topic_id": 0, "keywords": ["女孩", "愿望", "mv", "追悼会", "亲友们"], "count": 25, "examples": ["我都☠️了还不让我写自己想写的遗书？", "再串打死", "高考加油"], "all_comments": ["我都☠️了还不让我写自己想写的遗书？", "再串打死", "高考加油", "祝你成功🎉", "唐代宋词我知道 唐词第一次见", "2026.6.21到此一游 马上放暑假了[脸红]", "这么快就出日语版了", "在mv评论区看到的一个解释觉得很贴合：女孩像是逝去的人，这是她的追悼会，女孩作为亲友们的想象（复活）了（对应开头女孩在光和凳子下的抽动），亲友们为她祈祷歌唱，女孩则站在他们中间起舞，在光下的舞蹈仿佛真的复活了一般，最后追悼会结束，凳子上只剩下百花", "法医学是为了未来而生的工作", "勿念", "好友直关", "希望你实现了你的愿望", "2026了，你完成愿望了吗？", "[认可]", "[认可]", "八爷除了生孩子，其他都已经无所不能了[惊恐][大笑]", "加油[哭哭]", "四年了", "重生", "2026了愿望实现了吗", "一直没有看懂mv，有谁能解读一下吗", "有鱼", "1http:/$yENria2caadec2$【復淛整段文案并咑閞「网易云音乐」，领免费会员】 黑胶邀请官 A***e 送你网易云音乐6月黑胶会员卡，领取享20+会员权益。https://163cn.tv/9n2tgWx", "这就是忧郁之神吗？…果然还是无法战胜呀…😱", "节哀"]}, {"topic_id": 1, "keywords": ["考上", "没旺"], "count": 8, "examples": ["你考上了吗", "希望你能考上", "考上了吗"], "all_comments": ["你考上了吗", "希望你能考上", "考上了吗", "怎么样怎么样考上了没[旺柴]", "考上了吗", "考上了吗", "考上了吗", "考上了吗？"]}, {"topic_id": 2, "keywords": ["人生", "难题", "了结", "结不完"], "count": 1, "examples": ["人生的难题太多了，结是结不完的"], "all_comments": ["人生的难题太多了，结是结不完的"]}], "total_comments": 50}

[Combined Analysis] stdout: {"sentiment": {"positive": 6, "neutral": 44, "negative": 0}, "topics": [{"topic_id": 0, "keywords": ["女孩", "愿望", "mv", "追悼会", "亲友们"], "count": 25, "examples": ["我都☠️了还不让我写自己想写的遗书？", "再串打死", "高考加油"], "all_comments": ["我都☠️了还不让我写自己想写的遗书？", "再串打死", "高考加油", "祝你成功🎉", "唐代宋词我知道 唐词第一次见", "2026.6.21到此一游 马上放暑假了[脸红]", "这么快就出日语版了", "在mv评论区看到的一个解释觉得很贴合：女孩像是逝去的人，这是她的追悼会，女孩作为亲友们的想象（复活）了（对应开头女孩在光和凳子下的抽动），亲友们为她祈祷歌唱，女孩则站在他们中间起舞，在光下的舞蹈仿佛真的复活了一般，最后追悼会结束，凳子上只剩下百花", "法医学是为了未来而生的工作", "勿念", "好友直关", "希望你实现了你的愿望", "2026了，你完成愿望了吗？", "[认可]", "[认可]", "八爷除了生孩子，其他都已经无所不能了[惊恐][大笑]", "加油[哭哭]", "四年了", "重生", "2026了愿望实现了吗", "一直没有看懂mv，有谁能解读一下吗", "有鱼", "1http:/$yENria2caadec2$【復淛整段文案并咑閞「网易云音乐」，领免费会员】 黑胶邀请官 A***e 送你网易云音乐6月黑胶会员卡，领取享20+会员权益。https://163cn.tv/9n2tgWx", "这就是忧郁之神吗？…果然还是无法战胜呀…😱", "节哀"]}, {"topic_id": 1, "keywords": ["考上", "没旺"], "count": 8, "examples": ["你考上了吗", "希望你能考上", "考上了吗"], "all_comments": ["你考上了吗", "希望你能考上", "考上了吗", "怎么样怎么样考上了没[旺柴]", "考上了吗", "考上了吗", "考上了吗", "考上了吗？"]}, {"topic_id": 2, "keywords": ["人生", "难题", "了结", "结不完"], "count": 1, "examples": ["人生的难题太多了，结是结不完的"], "all_comments": ["人生的难题太多了，结是结不完的"]}], "total_comments": 50}

